c:\users\shrey\source\repos\passfunc\sampledll\debug\sampledll.x86.pch
c:\users\shrey\source\repos\passfunc\sampledll\debug\vc143.pdb
c:\users\shrey\source\repos\passfunc\sampledll\debug\vc143.idb
c:\users\shrey\source\repos\passfunc\sampledll\debug\pch.obj
c:\users\shrey\source\repos\passfunc\sampledll\debug\sampledll.obj
c:\users\shrey\source\repos\passfunc\sampledll\debug\dllmain.obj
c:\users\shrey\source\repos\passfunc\debug\sampledll.lib
c:\users\shrey\source\repos\passfunc\debug\sampledll.exp
c:\users\shrey\source\repos\passfunc\debug\sampledll.dll
c:\users\shrey\source\repos\passfunc\sampledll\debug\sampledll.ilk
c:\users\shrey\source\repos\passfunc\debug\sampledll.pdb
c:\users\shrey\source\repos\passfunc\sampledll\debug\sampledll.x86.ilk
c:\users\shrey\source\repos\passfunc\debug\sampledll.x86.dll
c:\users\shrey\source\repos\passfunc\debug\sampledll.x86.pdb
c:\users\shrey\source\repos\passfunc\debug\sampledll.x86.lib
c:\users\shrey\source\repos\passfunc\debug\sampledll.x86.exp
c:\users\shrey\source\repos\passfunc\sampledll\debug\sampledll.pch
c:\users\shrey\source\repos\passfunc\sampledll\debug\sampledll.tlog\cl.command.1.tlog
c:\users\shrey\source\repos\passfunc\sampledll\debug\sampledll.tlog\cl.items.tlog
c:\users\shrey\source\repos\passfunc\sampledll\debug\sampledll.tlog\cl.read.1.tlog
c:\users\shrey\source\repos\passfunc\sampledll\debug\sampledll.tlog\cl.write.1.tlog
c:\users\shrey\source\repos\passfunc\sampledll\debug\sampledll.tlog\link.command.1.tlog
c:\users\shrey\source\repos\passfunc\sampledll\debug\sampledll.tlog\link.read.1.tlog
c:\users\shrey\source\repos\passfunc\sampledll\debug\sampledll.tlog\link.write.1.tlog
c:\users\shrey\source\repos\passfunc\sampledll\debug\sampledll.tlog\link.write.2u.tlog
