c:\users\shrey\source\repos\passfunc\sampledll\x64\debug\sampledll.pch
c:\users\shrey\source\repos\passfunc\sampledll\x64\debug\vc143.pdb
c:\users\shrey\source\repos\passfunc\sampledll\x64\debug\pch.obj
c:\users\shrey\source\repos\passfunc\sampledll\x64\debug\sampledll.obj
c:\users\shrey\source\repos\passfunc\sampledll\x64\debug\dllmain.obj
c:\users\shrey\source\repos\passfunc\sampledll\x64\debug\.netframework,version=v4.7.2.assemblyattributes.obj
c:\users\shrey\source\repos\passfunc\x64\debug\sampledll.dll
c:\users\shrey\source\repos\passfunc\x64\debug\sampledll.pdb
c:\users\shrey\source\repos\passfunc\x64\debug\sampledll.lib
c:\users\shrey\source\repos\passfunc\x64\debug\sampledll.exp
c:\users\shrey\source\repos\passfunc\sampledll\x64\debug\sampledll.tlog\cl.command.1.tlog
c:\users\shrey\source\repos\passfunc\sampledll\x64\debug\sampledll.tlog\cl.items.tlog
c:\users\shrey\source\repos\passfunc\sampledll\x64\debug\sampledll.tlog\cl.read.1.tlog
c:\users\shrey\source\repos\passfunc\sampledll\x64\debug\sampledll.tlog\cl.write.1.tlog
c:\users\shrey\source\repos\passfunc\sampledll\x64\debug\sampledll.tlog\link.command.1.tlog
c:\users\shrey\source\repos\passfunc\sampledll\x64\debug\sampledll.tlog\link.read.1.tlog
c:\users\shrey\source\repos\passfunc\sampledll\x64\debug\sampledll.tlog\link.write.1.tlog
c:\users\shrey\source\repos\passfunc\sampledll\x64\debug\sampledll.tlog\link.write.2u.tlog
c:\users\shrey\source\repos\passfunc\sampledll\x64\debug\sampledll.tlog\metagen.read.1.tlog
c:\users\shrey\source\repos\passfunc\sampledll\x64\debug\sampledll.tlog\metagen.write.1.tlog
